Started GET "/static_pages/home" for 127.0.0.1 at 2018-01-31 20:48:55 +0100
Processing by StaticPagesController#home as HTML
  Rendering static_pages/home.html.erb within layouts/application
  Rendered static_pages/home.html.erb within layouts/application (1.5ms)
Completed 200 OK in 1189ms (Views: 947.4ms)


Started GET "/static_pages" for 127.0.0.1 at 2018-01-31 20:49:05 +0100
  
ActionController::RoutingError (No route matches [GET] "/static_pages"):
  
actionpack (5.1.4) lib/action_dispatch/middleware/debug_exceptions.rb:63:in `call'
web-console (3.5.1) lib/web_console/middleware.rb:135:in `call_app'
web-console (3.5.1) lib/web_console/middleware.rb:28:in `block in call'
web-console (3.5.1) lib/web_console/middleware.rb:18:in `catch'
web-console (3.5.1) lib/web_console/middleware.rb:18:in `call'
actionpack (5.1.4) lib/action_dispatch/middleware/show_exceptions.rb:31:in `call'
railties (5.1.4) lib/rails/rack/logger.rb:36:in `call_app'
railties (5.1.4) lib/rails/rack/logger.rb:24:in `block in call'
activesupport (5.1.4) lib/active_support/tagged_logging.rb:69:in `block in tagged'
activesupport (5.1.4) lib/active_support/tagged_logging.rb:26:in `tagged'
activesupport (5.1.4) lib/active_support/tagged_logging.rb:69:in `tagged'
railties (5.1.4) lib/rails/rack/logger.rb:24:in `call'
sprockets-rails (3.2.1) lib/sprockets/rails/quiet_assets.rb:13:in `call'
actionpack (5.1.4) lib/action_dispatch/middleware/remote_ip.rb:79:in `call'
actionpack (5.1.4) lib/action_dispatch/middleware/request_id.rb:25:in `call'
rack (2.0.4) lib/rack/method_override.rb:22:in `call'
rack (2.0.4) lib/rack/runtime.rb:22:in `call'
activesupport (5.1.4) lib/active_support/cache/strategy/local_cache_middleware.rb:27:in `call'
actionpack (5.1.4) lib/action_dispatch/middleware/executor.rb:12:in `call'
actionpack (5.1.4) lib/action_dispatch/middleware/static.rb:125:in `call'
rack (2.0.4) lib/rack/sendfile.rb:111:in `call'
railties (5.1.4) lib/rails/engine.rb:522:in `call'
puma (3.11.2) lib/puma/configuration.rb:225:in `call'
puma (3.11.2) lib/puma/server.rb:624:in `handle_request'
puma (3.11.2) lib/puma/server.rb:438:in `process_client'
puma (3.11.2) lib/puma/server.rb:302:in `block in run'
puma (3.11.2) lib/puma/thread_pool.rb:120:in `block in spawn_thread'
Started GET "/" for 127.0.0.1 at 2018-01-31 20:49:11 +0100
Processing by StaticPagesController#home as HTML
  Rendering static_pages/home.html.erb within layouts/application
  Rendered static_pages/home.html.erb within layouts/application (0.9ms)
Completed 200 OK in 49ms (Views: 45.7ms)


Started GET "/" for 127.0.0.1 at 2018-01-31 20:50:57 +0100
Processing by StaticPagesController#home as HTML
  Rendering static_pages/home.html.erb within layouts/application
  Rendered static_pages/home.html.erb within layouts/application (0.6ms)
Completed 200 OK in 42ms (Views: 37.6ms)


Started GET "/" for 127.0.0.1 at 2018-01-31 20:54:03 +0100
Processing by StaticPagesController#home as HTML
  Rendering static_pages/home.html.erb within layouts/application
  Rendered static_pages/home.html.erb within layouts/application (0.4ms)
Completed 500 Internal Server Error in 59ms



ActionView::MissingTemplate - Missing partial static_pages/_header, application/_header with {:locale=>[:en], :formats=>[:html], :variants=>[], :handlers=>[:raw, :erb, :html, :builder, :ruby, :coffee, :jbuilder]}. Searched in:
  * "/Users/segolenealquier/Documents/PROG/TheHackingProject/Semaine_4/#3/thp_moussaillons/app/views"
:
  app/views/layouts/application.html.erb:20:in `_app_views_layouts_application_html_erb___861201265592318507_70349041205080'

Started POST "/__better_errors/e418ecfcbda3940f/variables" for 127.0.0.1 at 2018-01-31 20:54:04 +0100
Started GET "/" for 127.0.0.1 at 2018-01-31 20:55:43 +0100
Processing by StaticPagesController#home as HTML
  Rendering static_pages/home.html.erb within layouts/application
  Rendered static_pages/home.html.erb within layouts/application (0.4ms)
  Rendered layouts/_header.html.erb (0.5ms)
Completed 200 OK in 36ms (Views: 31.0ms)


Started GET "/" for 127.0.0.1 at 2018-01-31 20:56:44 +0100
Processing by StaticPagesController#home as HTML
  Rendering static_pages/home.html.erb within layouts/application
  Rendered static_pages/home.html.erb within layouts/application (0.4ms)
  Rendered layouts/_header.html.erb (0.4ms)
Completed 200 OK in 28ms (Views: 24.4ms)


  [1m[35m (0.1ms)[0m  [1m[34mSELECT sqlite_version(*)[0m
  [1m[35m (1.4ms)[0m  [1m[35mCREATE TABLE "schema_migrations" ("version" varchar NOT NULL PRIMARY KEY)[0m
  [1m[35m (1.6ms)[0m  [1m[35mCREATE TABLE "ar_internal_metadata" ("key" varchar NOT NULL PRIMARY KEY, "value" varchar, "created_at" datetime NOT NULL, "updated_at" datetime NOT NULL)[0m
  [1m[35m (0.2ms)[0m  [1m[34mSELECT "schema_migrations"."version" FROM "schema_migrations" ORDER BY "schema_migrations"."version" ASC[0m
Migrating to CreateCorsaires (20180131195944)
  [1m[35m (0.1ms)[0m  [1m[36mbegin transaction[0m
  [1m[35m (0.7ms)[0m  [1m[35mCREATE TABLE "corsaires" ("id" INTEGER PRIMARY KEY AUTOINCREMENT NOT NULL, "first_name" varchar, "age" integer, "likeness" varchar, "created_at" datetime NOT NULL, "updated_at" datetime NOT NULL)[0m
  [1m[35mSQL (0.3ms)[0m  [1m[32mINSERT INTO "schema_migrations" ("version") VALUES (?)[0m  [["version", "20180131195944"]]
  [1m[35m (0.9ms)[0m  [1m[36mcommit transaction[0m
  [1m[36mActiveRecord::InternalMetadata Load (0.2ms)[0m  [1m[34mSELECT  "ar_internal_metadata".* FROM "ar_internal_metadata" WHERE "ar_internal_metadata"."key" = ? LIMIT ?[0m  [["key", "environment"], ["LIMIT", 1]]
  [1m[35m (0.1ms)[0m  [1m[36mbegin transaction[0m
  [1m[35mSQL (0.9ms)[0m  [1m[32mINSERT INTO "ar_internal_metadata" ("key", "value", "created_at", "updated_at") VALUES (?, ?, ?, ?)[0m  [["key", "environment"], ["value", "development"], ["created_at", "2018-01-31 20:00:47.092906"], ["updated_at", "2018-01-31 20:00:47.092906"]]
  [1m[35m (1.9ms)[0m  [1m[36mcommit transaction[0m
  [1m[35m (0.3ms)[0m  [1m[34mSELECT "schema_migrations"."version" FROM "schema_migrations" ORDER BY "schema_migrations"."version" ASC[0m
Started GET "/" for 127.0.0.1 at 2018-01-31 21:02:11 +0100
  [1m[35m (0.2ms)[0m  [1m[34mSELECT "schema_migrations"."version" FROM "schema_migrations" ORDER BY "schema_migrations"."version" ASC[0m
Processing by StaticPagesController#home as HTML
  Rendering static_pages/home.html.erb within layouts/application
  Rendered static_pages/home.html.erb within layouts/application (0.5ms)
  Rendered layouts/_header.html.erb (0.5ms)
Completed 200 OK in 75ms (Views: 70.0ms | ActiveRecord: 0.0ms)


Started GET "/" for 127.0.0.1 at 2018-01-31 21:02:35 +0100
Processing by StaticPagesController#home as HTML
  Rendering static_pages/home.html.erb within layouts/application
  Rendered static_pages/home.html.erb within layouts/application (0.4ms)
  Rendered layouts/_header.html.erb (0.6ms)
Completed 200 OK in 38ms (Views: 32.8ms | ActiveRecord: 0.0ms)


Started GET "/" for 127.0.0.1 at 2018-01-31 21:17:59 +0100
Processing by StaticPagesController#home as HTML
  Rendering static_pages/home.html.erb within layouts/application
  Rendered static_pages/home.html.erb within layouts/application (4.8ms)
Completed 500 Internal Server Error in 16ms



NoMethodError - undefined method `first_name' for nil:NilClass:
  app/views/static_pages/home.html.erb:11:in `block in _app_views_static_pages_home_html_erb___2531814608266798270_70349041450540'
  app/views/static_pages/home.html.erb:9:in `_app_views_static_pages_home_html_erb___2531814608266798270_70349041450540'

Started POST "/__better_errors/eeb2fcb3f884ea1c/variables" for 127.0.0.1 at 2018-01-31 21:18:00 +0100
Started GET "/" for 127.0.0.1 at 2018-01-31 21:19:14 +0100
Processing by StaticPagesController#home as HTML
  Rendering static_pages/home.html.erb within layouts/application
  Rendered static_pages/home.html.erb within layouts/application (7.3ms)
Completed 500 Internal Server Error in 18ms



NoMethodError - undefined method `first_name' for nil:NilClass:
  app/views/static_pages/home.html.erb:11:in `block in _app_views_static_pages_home_html_erb___2531814608266798270_70349094834740'
  app/views/static_pages/home.html.erb:9:in `_app_views_static_pages_home_html_erb___2531814608266798270_70349094834740'

Started POST "/__better_errors/858bf68cc30cd26d/variables" for 127.0.0.1 at 2018-01-31 21:19:14 +0100
Started GET "/" for 127.0.0.1 at 2018-01-31 21:20:45 +0100
Processing by StaticPagesController#home as HTML
  Rendering static_pages/home.html.erb within layouts/application
  Rendered static_pages/home.html.erb within layouts/application (4.4ms)
Completed 500 Internal Server Error in 15ms



NoMethodError - undefined method `first_name' for nil:NilClass:
  app/views/static_pages/home.html.erb:11:in `block in _app_views_static_pages_home_html_erb___2531814608266798270_70349041667260'
  app/views/static_pages/home.html.erb:9:in `_app_views_static_pages_home_html_erb___2531814608266798270_70349041667260'

Started POST "/__better_errors/6ca12659b0e2d406/variables" for 127.0.0.1 at 2018-01-31 21:20:45 +0100
Started GET "/" for 127.0.0.1 at 2018-01-31 21:22:28 +0100
Processing by StaticPagesController#home as HTML
  Rendering static_pages/home.html.erb within layouts/application
  Rendered static_pages/home.html.erb within layouts/application (6.0ms)
Completed 500 Internal Server Error in 16ms



NoMethodError - undefined method `first_name' for nil:NilClass:
  app/views/static_pages/home.html.erb:11:in `block in _app_views_static_pages_home_html_erb___2531814608266798270_70349045122400'
  app/views/static_pages/home.html.erb:9:in `_app_views_static_pages_home_html_erb___2531814608266798270_70349045122400'

Started POST "/__better_errors/47cb37c9e5ec8dc6/variables" for 127.0.0.1 at 2018-01-31 21:22:29 +0100
Started GET "/" for 127.0.0.1 at 2018-01-31 21:26:16 +0100
Processing by StaticPagesController#home as HTML
  Rendering static_pages/home.html.erb within layouts/application
  Rendered static_pages/home.html.erb within layouts/application (4.8ms)
Completed 500 Internal Server Error in 15ms



NoMethodError - undefined method `first_name' for nil:NilClass:
  app/views/static_pages/home.html.erb:11:in `block in _app_views_static_pages_home_html_erb___2531814608266798270_70349038151920'
  app/views/static_pages/home.html.erb:9:in `_app_views_static_pages_home_html_erb___2531814608266798270_70349038151920'

Started POST "/__better_errors/f0c0f72b41a3c006/variables" for 127.0.0.1 at 2018-01-31 21:26:16 +0100
Started GET "/" for 127.0.0.1 at 2018-01-31 21:27:09 +0100
Processing by StaticPagesController#home as HTML
  Rendering static_pages/home.html.erb within layouts/application
  Rendered static_pages/home.html.erb within layouts/application (6.7ms)
Completed 500 Internal Server Error in 17ms



NoMethodError - undefined method `first_name' for nil:NilClass:
  app/views/static_pages/home.html.erb:11:in `block in _app_views_static_pages_home_html_erb___2531814608266798270_70349039630480'
  app/views/static_pages/home.html.erb:9:in `_app_views_static_pages_home_html_erb___2531814608266798270_70349039630480'

Started POST "/__better_errors/bcdd35d167db4aea/variables" for 127.0.0.1 at 2018-01-31 21:27:09 +0100
Started GET "/" for 127.0.0.1 at 2018-01-31 21:28:28 +0100
  [1m[35m (0.5ms)[0m  [1m[34mSELECT "schema_migrations"."version" FROM "schema_migrations" ORDER BY "schema_migrations"."version" ASC[0m
Processing by StaticPagesController#home as HTML
  Rendering static_pages/home.html.erb within layouts/application
  Rendered static_pages/home.html.erb within layouts/application (5.4ms)
Completed 500 Internal Server Error in 17ms (ActiveRecord: 0.0ms)



NoMethodError - undefined method `first_name' for nil:NilClass:
  app/views/static_pages/home.html.erb:11:in `block in _app_views_static_pages_home_html_erb___2531814608266798270_70349096337160'
  app/views/static_pages/home.html.erb:9:in `_app_views_static_pages_home_html_erb___2531814608266798270_70349096337160'

Started POST "/__better_errors/a0850fabab115c68/variables" for 127.0.0.1 at 2018-01-31 21:28:28 +0100
Started GET "/" for 127.0.0.1 at 2018-01-31 21:30:44 +0100
Processing by StaticPagesController#home as HTML
  Rendering static_pages/home.html.erb within layouts/application
  Rendered static_pages/home.html.erb within layouts/application (5.7ms)
Completed 500 Internal Server Error in 15ms



NoMethodError - undefined method `first_name' for nil:NilClass:
  app/views/static_pages/home.html.erb:11:in `block in _app_views_static_pages_home_html_erb___2531814608266798270_70349086327100'
  app/views/static_pages/home.html.erb:9:in `_app_views_static_pages_home_html_erb___2531814608266798270_70349086327100'

Started POST "/__better_errors/6c1e1eee24e57e2d/variables" for 127.0.0.1 at 2018-01-31 21:30:44 +0100
Started GET "/" for 127.0.0.1 at 2018-01-31 21:31:55 +0100
Processing by StaticPagesController#home as HTML
  Rendering static_pages/home.html.erb within layouts/application
  Rendered static_pages/home.html.erb within layouts/application (294.5ms)
Completed 500 Internal Server Error in 309ms



NameError - undefined local variable or method `corsaires_path' for #<#<Class:0x007ff6d89b2ce8>:0x007ff6d8f904d0>:
  app/views/static_pages/home.html.erb:9:in `_app_views_static_pages_home_html_erb___2531814608266798270_70349089441720'

Started POST "/__better_errors/15a2661f2b78aaa9/variables" for 127.0.0.1 at 2018-01-31 21:31:56 +0100
Started GET "/" for 127.0.0.1 at 2018-01-31 21:41:42 +0100
Processing by StaticPagesController#home as HTML
  Rendering static_pages/home.html.erb within layouts/application
  Rendered static_pages/home.html.erb within layouts/application (5.7ms)
Completed 500 Internal Server Error in 17ms



NoMethodError - undefined method `first_name' for nil:NilClass:
  app/views/static_pages/home.html.erb:11:in `block in _app_views_static_pages_home_html_erb___2531814608266798270_70349037377760'
  app/views/static_pages/home.html.erb:9:in `_app_views_static_pages_home_html_erb___2531814608266798270_70349037377760'

Started POST "/__better_errors/b2bde02f56e15db8/variables" for 127.0.0.1 at 2018-01-31 21:41:42 +0100
Started GET "/" for 127.0.0.1 at 2018-01-31 21:52:55 +0100
Processing by StaticPagesController#home as HTML
  Rendering static_pages/home.html.erb within layouts/application
  Rendered static_pages/home.html.erb within layouts/application (5.0ms)
Completed 500 Internal Server Error in 18ms



NoMethodError - undefined method `first_name' for nil:NilClass:
  app/views/static_pages/home.html.erb:11:in `block in _app_views_static_pages_home_html_erb___2531814608266798270_70349088330220'
  app/views/static_pages/home.html.erb:9:in `_app_views_static_pages_home_html_erb___2531814608266798270_70349088330220'

Started POST "/__better_errors/f0ae968eb2c7612c/variables" for 127.0.0.1 at 2018-01-31 21:52:56 +0100
Started GET "/" for 127.0.0.1 at 2018-01-31 22:00:02 +0100
  [1m[35m (0.6ms)[0m  [1m[34mSELECT "schema_migrations"."version" FROM "schema_migrations" ORDER BY "schema_migrations"."version" ASC[0m
Processing by StaticPagesController#home as HTML
  Rendering static_pages/home.html.erb within layouts/application
  Rendered static_pages/home.html.erb within layouts/application (0.4ms)
  Rendered layouts/_header.html.erb (0.5ms)
Completed 200 OK in 40ms (Views: 36.7ms | ActiveRecord: 0.0ms)


Started GET "/" for 127.0.0.1 at 2018-01-31 22:00:57 +0100
Processing by StaticPagesController#home as HTML
  Rendering static_pages/home.html.erb within layouts/application
  Rendered static_pages/home.html.erb within layouts/application (0.5ms)
  Rendered layouts/_header.html.erb (0.5ms)
Completed 200 OK in 32ms (Views: 26.4ms | ActiveRecord: 0.0ms)


Started GET "/corsaire_controller/form.html.erb" for 127.0.0.1 at 2018-01-31 22:01:04 +0100
  
ActionController::RoutingError (No route matches [GET] "/corsaire_controller/form.html.erb"):
  
actionpack (5.1.4) lib/action_dispatch/middleware/debug_exceptions.rb:63:in `call'
web-console (3.5.1) lib/web_console/middleware.rb:135:in `call_app'
web-console (3.5.1) lib/web_console/middleware.rb:28:in `block in call'
web-console (3.5.1) lib/web_console/middleware.rb:18:in `catch'
web-console (3.5.1) lib/web_console/middleware.rb:18:in `call'
actionpack (5.1.4) lib/action_dispatch/middleware/show_exceptions.rb:31:in `call'
railties (5.1.4) lib/rails/rack/logger.rb:36:in `call_app'
railties (5.1.4) lib/rails/rack/logger.rb:24:in `block in call'
activesupport (5.1.4) lib/active_support/tagged_logging.rb:69:in `block in tagged'
activesupport (5.1.4) lib/active_support/tagged_logging.rb:26:in `tagged'
activesupport (5.1.4) lib/active_support/tagged_logging.rb:69:in `tagged'
railties (5.1.4) lib/rails/rack/logger.rb:24:in `call'
sprockets-rails (3.2.1) lib/sprockets/rails/quiet_assets.rb:13:in `call'
actionpack (5.1.4) lib/action_dispatch/middleware/remote_ip.rb:79:in `call'
actionpack (5.1.4) lib/action_dispatch/middleware/request_id.rb:25:in `call'
rack (2.0.4) lib/rack/method_override.rb:22:in `call'
rack (2.0.4) lib/rack/runtime.rb:22:in `call'
activesupport (5.1.4) lib/active_support/cache/strategy/local_cache_middleware.rb:27:in `call'
actionpack (5.1.4) lib/action_dispatch/middleware/executor.rb:12:in `call'
actionpack (5.1.4) lib/action_dispatch/middleware/static.rb:125:in `call'
rack (2.0.4) lib/rack/sendfile.rb:111:in `call'
railties (5.1.4) lib/rails/engine.rb:522:in `call'
puma (3.11.2) lib/puma/configuration.rb:225:in `call'
puma (3.11.2) lib/puma/server.rb:624:in `handle_request'
puma (3.11.2) lib/puma/server.rb:438:in `process_client'
puma (3.11.2) lib/puma/server.rb:302:in `block in run'
puma (3.11.2) lib/puma/thread_pool.rb:120:in `block in spawn_thread'
Started GET "/corsaire_controller/form.html.erb" for 127.0.0.1 at 2018-01-31 22:02:26 +0100
  
ActionController::RoutingError (No route matches [GET] "/corsaire_controller/form.html.erb"):
  
actionpack (5.1.4) lib/action_dispatch/middleware/debug_exceptions.rb:63:in `call'
web-console (3.5.1) lib/web_console/middleware.rb:135:in `call_app'
web-console (3.5.1) lib/web_console/middleware.rb:28:in `block in call'
web-console (3.5.1) lib/web_console/middleware.rb:18:in `catch'
web-console (3.5.1) lib/web_console/middleware.rb:18:in `call'
actionpack (5.1.4) lib/action_dispatch/middleware/show_exceptions.rb:31:in `call'
railties (5.1.4) lib/rails/rack/logger.rb:36:in `call_app'
railties (5.1.4) lib/rails/rack/logger.rb:24:in `block in call'
activesupport (5.1.4) lib/active_support/tagged_logging.rb:69:in `block in tagged'
activesupport (5.1.4) lib/active_support/tagged_logging.rb:26:in `tagged'
activesupport (5.1.4) lib/active_support/tagged_logging.rb:69:in `tagged'
railties (5.1.4) lib/rails/rack/logger.rb:24:in `call'
sprockets-rails (3.2.1) lib/sprockets/rails/quiet_assets.rb:13:in `call'
actionpack (5.1.4) lib/action_dispatch/middleware/remote_ip.rb:79:in `call'
actionpack (5.1.4) lib/action_dispatch/middleware/request_id.rb:25:in `call'
rack (2.0.4) lib/rack/method_override.rb:22:in `call'
rack (2.0.4) lib/rack/runtime.rb:22:in `call'
activesupport (5.1.4) lib/active_support/cache/strategy/local_cache_middleware.rb:27:in `call'
actionpack (5.1.4) lib/action_dispatch/middleware/executor.rb:12:in `call'
actionpack (5.1.4) lib/action_dispatch/middleware/static.rb:125:in `call'
rack (2.0.4) lib/rack/sendfile.rb:111:in `call'
railties (5.1.4) lib/rails/engine.rb:522:in `call'
puma (3.11.2) lib/puma/configuration.rb:225:in `call'
puma (3.11.2) lib/puma/server.rb:624:in `handle_request'
puma (3.11.2) lib/puma/server.rb:438:in `process_client'
puma (3.11.2) lib/puma/server.rb:302:in `block in run'
puma (3.11.2) lib/puma/thread_pool.rb:120:in `block in spawn_thread'
Started GET "/corsaire_controller/" for 127.0.0.1 at 2018-01-31 22:02:34 +0100
  
ActionController::RoutingError (No route matches [GET] "/corsaire_controller"):
  
actionpack (5.1.4) lib/action_dispatch/middleware/debug_exceptions.rb:63:in `call'
web-console (3.5.1) lib/web_console/middleware.rb:135:in `call_app'
web-console (3.5.1) lib/web_console/middleware.rb:28:in `block in call'
web-console (3.5.1) lib/web_console/middleware.rb:18:in `catch'
web-console (3.5.1) lib/web_console/middleware.rb:18:in `call'
actionpack (5.1.4) lib/action_dispatch/middleware/show_exceptions.rb:31:in `call'
railties (5.1.4) lib/rails/rack/logger.rb:36:in `call_app'
railties (5.1.4) lib/rails/rack/logger.rb:24:in `block in call'
activesupport (5.1.4) lib/active_support/tagged_logging.rb:69:in `block in tagged'
activesupport (5.1.4) lib/active_support/tagged_logging.rb:26:in `tagged'
activesupport (5.1.4) lib/active_support/tagged_logging.rb:69:in `tagged'
railties (5.1.4) lib/rails/rack/logger.rb:24:in `call'
sprockets-rails (3.2.1) lib/sprockets/rails/quiet_assets.rb:13:in `call'
actionpack (5.1.4) lib/action_dispatch/middleware/remote_ip.rb:79:in `call'
actionpack (5.1.4) lib/action_dispatch/middleware/request_id.rb:25:in `call'
rack (2.0.4) lib/rack/method_override.rb:22:in `call'
rack (2.0.4) lib/rack/runtime.rb:22:in `call'
activesupport (5.1.4) lib/active_support/cache/strategy/local_cache_middleware.rb:27:in `call'
actionpack (5.1.4) lib/action_dispatch/middleware/executor.rb:12:in `call'
actionpack (5.1.4) lib/action_dispatch/middleware/static.rb:125:in `call'
rack (2.0.4) lib/rack/sendfile.rb:111:in `call'
railties (5.1.4) lib/rails/engine.rb:522:in `call'
puma (3.11.2) lib/puma/configuration.rb:225:in `call'
puma (3.11.2) lib/puma/server.rb:624:in `handle_request'
puma (3.11.2) lib/puma/server.rb:438:in `process_client'
puma (3.11.2) lib/puma/server.rb:302:in `block in run'
puma (3.11.2) lib/puma/thread_pool.rb:120:in `block in spawn_thread'
Started GET "/" for 127.0.0.1 at 2018-01-31 22:02:37 +0100
Processing by StaticPagesController#home as HTML
  Rendering static_pages/home.html.erb within layouts/application
  Rendered static_pages/home.html.erb within layouts/application (0.5ms)
  Rendered layouts/_header.html.erb (0.6ms)
Completed 200 OK in 38ms (Views: 34.8ms)


Started GET "/new_corsaire" for 127.0.0.1 at 2018-01-31 22:02:39 +0100
  
ActionController::RoutingError (No route matches [GET] "/new_corsaire"):
  
actionpack (5.1.4) lib/action_dispatch/middleware/debug_exceptions.rb:63:in `call'
web-console (3.5.1) lib/web_console/middleware.rb:135:in `call_app'
web-console (3.5.1) lib/web_console/middleware.rb:28:in `block in call'
web-console (3.5.1) lib/web_console/middleware.rb:18:in `catch'
web-console (3.5.1) lib/web_console/middleware.rb:18:in `call'
actionpack (5.1.4) lib/action_dispatch/middleware/show_exceptions.rb:31:in `call'
railties (5.1.4) lib/rails/rack/logger.rb:36:in `call_app'
railties (5.1.4) lib/rails/rack/logger.rb:24:in `block in call'
activesupport (5.1.4) lib/active_support/tagged_logging.rb:69:in `block in tagged'
activesupport (5.1.4) lib/active_support/tagged_logging.rb:26:in `tagged'
activesupport (5.1.4) lib/active_support/tagged_logging.rb:69:in `tagged'
railties (5.1.4) lib/rails/rack/logger.rb:24:in `call'
sprockets-rails (3.2.1) lib/sprockets/rails/quiet_assets.rb:13:in `call'
actionpack (5.1.4) lib/action_dispatch/middleware/remote_ip.rb:79:in `call'
actionpack (5.1.4) lib/action_dispatch/middleware/request_id.rb:25:in `call'
rack (2.0.4) lib/rack/method_override.rb:22:in `call'
rack (2.0.4) lib/rack/runtime.rb:22:in `call'
activesupport (5.1.4) lib/active_support/cache/strategy/local_cache_middleware.rb:27:in `call'
actionpack (5.1.4) lib/action_dispatch/middleware/executor.rb:12:in `call'
actionpack (5.1.4) lib/action_dispatch/middleware/static.rb:125:in `call'
rack (2.0.4) lib/rack/sendfile.rb:111:in `call'
railties (5.1.4) lib/rails/engine.rb:522:in `call'
puma (3.11.2) lib/puma/configuration.rb:225:in `call'
puma (3.11.2) lib/puma/server.rb:624:in `handle_request'
puma (3.11.2) lib/puma/server.rb:438:in `process_client'
puma (3.11.2) lib/puma/server.rb:302:in `block in run'
puma (3.11.2) lib/puma/thread_pool.rb:120:in `block in spawn_thread'
Started GET "/new_corsaire" for 127.0.0.1 at 2018-01-31 22:02:57 +0100
  
ActionController::RoutingError (No route matches [GET] "/new_corsaire"):
  
actionpack (5.1.4) lib/action_dispatch/middleware/debug_exceptions.rb:63:in `call'
web-console (3.5.1) lib/web_console/middleware.rb:135:in `call_app'
web-console (3.5.1) lib/web_console/middleware.rb:28:in `block in call'
web-console (3.5.1) lib/web_console/middleware.rb:18:in `catch'
web-console (3.5.1) lib/web_console/middleware.rb:18:in `call'
actionpack (5.1.4) lib/action_dispatch/middleware/show_exceptions.rb:31:in `call'
railties (5.1.4) lib/rails/rack/logger.rb:36:in `call_app'
railties (5.1.4) lib/rails/rack/logger.rb:24:in `block in call'
activesupport (5.1.4) lib/active_support/tagged_logging.rb:69:in `block in tagged'
activesupport (5.1.4) lib/active_support/tagged_logging.rb:26:in `tagged'
activesupport (5.1.4) lib/active_support/tagged_logging.rb:69:in `tagged'
railties (5.1.4) lib/rails/rack/logger.rb:24:in `call'
sprockets-rails (3.2.1) lib/sprockets/rails/quiet_assets.rb:13:in `call'
actionpack (5.1.4) lib/action_dispatch/middleware/remote_ip.rb:79:in `call'
actionpack (5.1.4) lib/action_dispatch/middleware/request_id.rb:25:in `call'
rack (2.0.4) lib/rack/method_override.rb:22:in `call'
rack (2.0.4) lib/rack/runtime.rb:22:in `call'
activesupport (5.1.4) lib/active_support/cache/strategy/local_cache_middleware.rb:27:in `call'
actionpack (5.1.4) lib/action_dispatch/middleware/executor.rb:12:in `call'
actionpack (5.1.4) lib/action_dispatch/middleware/static.rb:125:in `call'
rack (2.0.4) lib/rack/sendfile.rb:111:in `call'
railties (5.1.4) lib/rails/engine.rb:522:in `call'
puma (3.11.2) lib/puma/configuration.rb:225:in `call'
puma (3.11.2) lib/puma/server.rb:624:in `handle_request'
puma (3.11.2) lib/puma/server.rb:438:in `process_client'
puma (3.11.2) lib/puma/server.rb:302:in `block in run'
puma (3.11.2) lib/puma/thread_pool.rb:120:in `block in spawn_thread'
Started GET "/new_corsaire" for 127.0.0.1 at 2018-01-31 22:03:02 +0100
  
ActionController::RoutingError (No route matches [GET] "/new_corsaire"):
  
actionpack (5.1.4) lib/action_dispatch/middleware/debug_exceptions.rb:63:in `call'
web-console (3.5.1) lib/web_console/middleware.rb:135:in `call_app'
web-console (3.5.1) lib/web_console/middleware.rb:28:in `block in call'
web-console (3.5.1) lib/web_console/middleware.rb:18:in `catch'
web-console (3.5.1) lib/web_console/middleware.rb:18:in `call'
actionpack (5.1.4) lib/action_dispatch/middleware/show_exceptions.rb:31:in `call'
railties (5.1.4) lib/rails/rack/logger.rb:36:in `call_app'
railties (5.1.4) lib/rails/rack/logger.rb:24:in `block in call'
activesupport (5.1.4) lib/active_support/tagged_logging.rb:69:in `block in tagged'
activesupport (5.1.4) lib/active_support/tagged_logging.rb:26:in `tagged'
activesupport (5.1.4) lib/active_support/tagged_logging.rb:69:in `tagged'
railties (5.1.4) lib/rails/rack/logger.rb:24:in `call'
sprockets-rails (3.2.1) lib/sprockets/rails/quiet_assets.rb:13:in `call'
actionpack (5.1.4) lib/action_dispatch/middleware/remote_ip.rb:79:in `call'
actionpack (5.1.4) lib/action_dispatch/middleware/request_id.rb:25:in `call'
rack (2.0.4) lib/rack/method_override.rb:22:in `call'
rack (2.0.4) lib/rack/runtime.rb:22:in `call'
activesupport (5.1.4) lib/active_support/cache/strategy/local_cache_middleware.rb:27:in `call'
actionpack (5.1.4) lib/action_dispatch/middleware/executor.rb:12:in `call'
actionpack (5.1.4) lib/action_dispatch/middleware/static.rb:125:in `call'
rack (2.0.4) lib/rack/sendfile.rb:111:in `call'
railties (5.1.4) lib/rails/engine.rb:522:in `call'
puma (3.11.2) lib/puma/configuration.rb:225:in `call'
puma (3.11.2) lib/puma/server.rb:624:in `handle_request'
puma (3.11.2) lib/puma/server.rb:438:in `process_client'
puma (3.11.2) lib/puma/server.rb:302:in `block in run'
puma (3.11.2) lib/puma/thread_pool.rb:120:in `block in spawn_thread'
Started GET "/" for 127.0.0.1 at 2018-01-31 22:03:06 +0100
Processing by StaticPagesController#home as HTML
  Rendering static_pages/home.html.erb within layouts/application
  Rendered static_pages/home.html.erb within layouts/application (356.7ms)
Completed 500 Internal Server Error in 369ms



NameError - undefined local variable or method `new_corsaire_path' for #<#<Class:0x007ff6d99a8580>:0x007ff6d8022fe8>
Did you mean?  new_static_page_path:
  app/views/static_pages/home.html.erb:6:in `_app_views_static_pages_home_html_erb___2531814608266798270_70349064381420'

Started POST "/__better_errors/cb446cccf2178ade/variables" for 127.0.0.1 at 2018-01-31 22:03:06 +0100
Started GET "/" for 127.0.0.1 at 2018-01-31 22:03:32 +0100
Processing by StaticPagesController#home as HTML
  Rendering static_pages/home.html.erb within layouts/application
  Rendered static_pages/home.html.erb within layouts/application (0.7ms)
  Rendered layouts/_header.html.erb (0.4ms)
Completed 200 OK in 30ms (Views: 26.6ms)


Started GET "/static_pages/new" for 127.0.0.1 at 2018-01-31 22:03:34 +0100

AbstractController::ActionNotFound - The action 'new' could not be found for StaticPagesController:

Started POST "/__better_errors/084b37ab5c696010/variables" for 127.0.0.1 at 2018-01-31 22:03:34 +0100
Started GET "/" for 127.0.0.1 at 2018-01-31 22:03:36 +0100
Processing by StaticPagesController#home as HTML
  Rendering static_pages/home.html.erb within layouts/application
  Rendered static_pages/home.html.erb within layouts/application (0.6ms)
  Rendered layouts/_header.html.erb (0.6ms)
Completed 200 OK in 31ms (Views: 26.5ms)


Started GET "/" for 127.0.0.1 at 2018-01-31 22:04:27 +0100
Processing by StaticPagesController#home as HTML
  Rendering static_pages/home.html.erb within layouts/application
  Rendered static_pages/home.html.erb within layouts/application (246.3ms)
Completed 500 Internal Server Error in 257ms



NameError - undefined local variable or method `new_corsaire_path' for #<#<Class:0x007ff6d99a8580>:0x007ff6d34b8580>
Did you mean?  new_static_page_path:
  app/views/static_pages/home.html.erb:6:in `_app_views_static_pages_home_html_erb___2531814608266798270_70349041813380'

Started POST "/__better_errors/9d666a33ada708c0/variables" for 127.0.0.1 at 2018-01-31 22:04:28 +0100
Started GET "/" for 127.0.0.1 at 2018-01-31 22:06:50 +0100
Processing by StaticPagesController#home as HTML
  Rendering static_pages/home.html.erb within layouts/application
  Rendered static_pages/home.html.erb within layouts/application (1.0ms)
  Rendered layouts/_header.html.erb (0.8ms)
Completed 200 OK in 49ms (Views: 45.9ms)


Started GET "/corsaires/new" for 127.0.0.1 at 2018-01-31 22:06:52 +0100

NameError - uninitialized constant CorsairesController:

Started POST "/__better_errors/9762953a7bc3916c/variables" for 127.0.0.1 at 2018-01-31 22:06:52 +0100
Started GET "/" for 127.0.0.1 at 2018-01-31 23:30:48 +0100
  [1m[35m (0.6ms)[0m  [1m[34mSELECT "schema_migrations"."version" FROM "schema_migrations" ORDER BY "schema_migrations"."version" ASC[0m
Processing by StaticPagesController#home as HTML
  Rendering static_pages/home.html.erb within layouts/application
  Rendered static_pages/home.html.erb within layouts/application (2.3ms)
  Rendered layouts/_header.html.erb (0.8ms)
Completed 200 OK in 331ms (Views: 319.7ms | ActiveRecord: 0.0ms)


Started GET "/corsaires/new" for 127.0.0.1 at 2018-01-31 23:30:56 +0100

NameError - uninitialized constant CorsairesController:

Started POST "/__better_errors/433c843c92db6af4/variables" for 127.0.0.1 at 2018-01-31 23:30:56 +0100
Started GET "/" for 127.0.0.1 at 2018-01-31 23:30:57 +0100
Processing by StaticPagesController#home as HTML
  Rendering static_pages/home.html.erb within layouts/application
  Rendered static_pages/home.html.erb within layouts/application (0.9ms)
  Rendered layouts/_header.html.erb (0.8ms)
Completed 200 OK in 36ms (Views: 31.9ms | ActiveRecord: 0.0ms)


